0 info it worked if it ends with ok
1 verbose cli [ '/usr/local/bin/node',
1 verbose cli   '/usr/local/bin/npm',
1 verbose cli   '-g',
1 verbose cli   'install',
1 verbose cli   'n@4.1.0' ]
2 info using npm@3.10.9
3 info using node@v6.9.2
4 silly loadCurrentTree Starting
5 silly install loadCurrentTree
6 silly install readGlobalPackageData
7 silly fetchPackageMetaData n@4.1.0
8 silly fetchNamedPackageData n
9 silly mapToRegistry name n
10 silly mapToRegistry using default registry
11 silly mapToRegistry registry https://registry.npmjs.org/
12 silly mapToRegistry data Result {
12 silly mapToRegistry   raw: 'n',
12 silly mapToRegistry   scope: null,
12 silly mapToRegistry   escapedName: 'n',
12 silly mapToRegistry   name: 'n',
12 silly mapToRegistry   rawSpec: '',
12 silly mapToRegistry   spec: 'latest',
12 silly mapToRegistry   type: 'tag' }
13 silly mapToRegistry uri https://registry.npmjs.org/n
14 verbose request uri https://registry.npmjs.org/n
15 verbose request no auth needed
16 info attempt registry request try #1 at 20:27:29
17 verbose request id e4ba2fbe7c737c58
18 http request GET https://registry.npmjs.org/n
19 http 200 https://registry.npmjs.org/n
20 verbose headers { server: 'CouchDB/1.6.1 (Erlang OTP/R16B03)',
20 verbose headers   'content-type': 'application/json',
20 verbose headers   etag: '"584f1c1f-f9ff"',
20 verbose headers   'content-encoding': 'gzip',
20 verbose headers   'cache-control': 'max-age=300',
20 verbose headers   'content-length': '12157',
20 verbose headers   'accept-ranges': 'bytes',
20 verbose headers   date: 'Thu, 29 Dec 2016 12:27:30 GMT',
20 verbose headers   via: '1.1 varnish',
20 verbose headers   age: '191',
20 verbose headers   connection: 'keep-alive',
20 verbose headers   'x-served-by': 'cache-itm7427-ITM',
20 verbose headers   'x-cache': 'HIT',
20 verbose headers   'x-cache-hits': '1',
20 verbose headers   'x-timer': 'S1483014450.871382,VS0,VE0',
20 verbose headers   vary: 'Accept-Encoding' }
21 silly get cb [ 200,
21 silly get   { server: 'CouchDB/1.6.1 (Erlang OTP/R16B03)',
21 silly get     'content-type': 'application/json',
21 silly get     etag: '"584f1c1f-f9ff"',
21 silly get     'content-encoding': 'gzip',
21 silly get     'cache-control': 'max-age=300',
21 silly get     'content-length': '12157',
21 silly get     'accept-ranges': 'bytes',
21 silly get     date: 'Thu, 29 Dec 2016 12:27:30 GMT',
21 silly get     via: '1.1 varnish',
21 silly get     age: '191',
21 silly get     connection: 'keep-alive',
21 silly get     'x-served-by': 'cache-itm7427-ITM',
21 silly get     'x-cache': 'HIT',
21 silly get     'x-cache-hits': '1',
21 silly get     'x-timer': 'S1483014450.871382,VS0,VE0',
21 silly get     vary: 'Accept-Encoding' } ]
22 verbose get saving n to /Users/limao/.npm/registry.npmjs.org/n/.cache.json
23 verbose correctMkdir /Users/limao/.npm correctMkdir not in flight; initializing
24 silly fetchPackageMetaData Error: No compatible version found: n@4.1.0
24 silly fetchPackageMetaData Valid install targets:
24 silly fetchPackageMetaData 2.1.4, 2.1.3, 2.1.2, 2.1.1, 2.1.0, 2.0.2, 2.0.1, 2.0.0, 1.4.2, 1.4.1, 1.4.0, 1.3.0, 1.2.14, 1.2.13, 1.2.11, 1.2.9, 1.2.8, 1.2.7, 1.2.6, 1.2.5, 1.2.4, 1.2.3, 1.2.2, 1.2.1, 1.1.0, 1.0.0, 0.9.3, 0.9.2, 0.9.1, 0.9.0, 0.8.2, 0.8.1, 0.8.0, 0.7.3, 0.7.2, 0.7.1, 0.7.0, 0.6.1, 0.6.0, 0.5.4, 0.5.3, 0.5.2, 0.5.1, 0.5.0, 0.4.2, 0.4.1, 0.4.0, 0.3.0, 0.2.2, 0.2.1, 0.2.0, 0.1.2, 0.1.1, 0.1.0, 0.0.4, 0.0.3, 0.0.2, 0.0.1
24 silly fetchPackageMetaData
24 silly fetchPackageMetaData     at pickVersionFromRegistryDocument (/usr/local/lib/node_modules/npm/lib/fetch-package-metadata.js:178:16)
24 silly fetchPackageMetaData     at /usr/local/lib/node_modules/npm/node_modules/iferr/index.js:13:50
24 silly fetchPackageMetaData     at /usr/local/lib/node_modules/npm/lib/utils/pulse-till-done.js:20:8
24 silly fetchPackageMetaData     at saved (/usr/local/lib/node_modules/npm/lib/cache/caching-client.js:174:7)
24 silly fetchPackageMetaData     at /usr/local/lib/node_modules/npm/node_modules/graceful-fs/polyfills.js:241:18
24 silly fetchPackageMetaData     at FSReqWrap.oncomplete (fs.js:123:15)
24 silly fetchPackageMetaData  error for n@4.1.0 { Error: No compatible version found: n@4.1.0
24 silly fetchPackageMetaData Valid install targets:
24 silly fetchPackageMetaData 2.1.4, 2.1.3, 2.1.2, 2.1.1, 2.1.0, 2.0.2, 2.0.1, 2.0.0, 1.4.2, 1.4.1, 1.4.0, 1.3.0, 1.2.14, 1.2.13, 1.2.11, 1.2.9, 1.2.8, 1.2.7, 1.2.6, 1.2.5, 1.2.4, 1.2.3, 1.2.2, 1.2.1, 1.1.0, 1.0.0, 0.9.3, 0.9.2, 0.9.1, 0.9.0, 0.8.2, 0.8.1, 0.8.0, 0.7.3, 0.7.2, 0.7.1, 0.7.0, 0.6.1, 0.6.0, 0.5.4, 0.5.3, 0.5.2, 0.5.1, 0.5.0, 0.4.2, 0.4.1, 0.4.0, 0.3.0, 0.2.2, 0.2.1, 0.2.0, 0.1.2, 0.1.1, 0.1.0, 0.0.4, 0.0.3, 0.0.2, 0.0.1
24 silly fetchPackageMetaData
24 silly fetchPackageMetaData     at pickVersionFromRegistryDocument (/usr/local/lib/node_modules/npm/lib/fetch-package-metadata.js:178:16)
24 silly fetchPackageMetaData     at /usr/local/lib/node_modules/npm/node_modules/iferr/index.js:13:50
24 silly fetchPackageMetaData     at /usr/local/lib/node_modules/npm/lib/utils/pulse-till-done.js:20:8
24 silly fetchPackageMetaData     at saved (/usr/local/lib/node_modules/npm/lib/cache/caching-client.js:174:7)
24 silly fetchPackageMetaData     at /usr/local/lib/node_modules/npm/node_modules/graceful-fs/polyfills.js:241:18
24 silly fetchPackageMetaData     at FSReqWrap.oncomplete (fs.js:123:15) code: 'ETARGET' }
25 silly rollbackFailedOptional Starting
26 silly rollbackFailedOptional Finishing
27 silly runTopLevelLifecycles Finishing
28 silly install printInstalled
29 verbose stack Error: No compatible version found: n@4.1.0
29 verbose stack Valid install targets:
29 verbose stack 2.1.4, 2.1.3, 2.1.2, 2.1.1, 2.1.0, 2.0.2, 2.0.1, 2.0.0, 1.4.2, 1.4.1, 1.4.0, 1.3.0, 1.2.14, 1.2.13, 1.2.11, 1.2.9, 1.2.8, 1.2.7, 1.2.6, 1.2.5, 1.2.4, 1.2.3, 1.2.2, 1.2.1, 1.1.0, 1.0.0, 0.9.3, 0.9.2, 0.9.1, 0.9.0, 0.8.2, 0.8.1, 0.8.0, 0.7.3, 0.7.2, 0.7.1, 0.7.0, 0.6.1, 0.6.0, 0.5.4, 0.5.3, 0.5.2, 0.5.1, 0.5.0, 0.4.2, 0.4.1, 0.4.0, 0.3.0, 0.2.2, 0.2.1, 0.2.0, 0.1.2, 0.1.1, 0.1.0, 0.0.4, 0.0.3, 0.0.2, 0.0.1
29 verbose stack
29 verbose stack     at pickVersionFromRegistryDocument (/usr/local/lib/node_modules/npm/lib/fetch-package-metadata.js:178:16)
29 verbose stack     at /usr/local/lib/node_modules/npm/node_modules/iferr/index.js:13:50
29 verbose stack     at /usr/local/lib/node_modules/npm/lib/utils/pulse-till-done.js:20:8
29 verbose stack     at saved (/usr/local/lib/node_modules/npm/lib/cache/caching-client.js:174:7)
29 verbose stack     at /usr/local/lib/node_modules/npm/node_modules/graceful-fs/polyfills.js:241:18
29 verbose stack     at FSReqWrap.oncomplete (fs.js:123:15)
30 verbose cwd /Users/limao/code/shortcut
31 error Darwin 16.3.0
32 error argv "/usr/local/bin/node" "/usr/local/bin/npm" "-g" "install" "n@4.1.0"
33 error node v6.9.2
34 error npm  v3.10.9
35 error code ETARGET
36 error notarget No compatible version found: n@4.1.0
36 error notarget Valid install targets:
36 error notarget 2.1.4, 2.1.3, 2.1.2, 2.1.1, 2.1.0, 2.0.2, 2.0.1, 2.0.0, 1.4.2, 1.4.1, 1.4.0, 1.3.0, 1.2.14, 1.2.13, 1.2.11, 1.2.9, 1.2.8, 1.2.7, 1.2.6, 1.2.5, 1.2.4, 1.2.3, 1.2.2, 1.2.1, 1.1.0, 1.0.0, 0.9.3, 0.9.2, 0.9.1, 0.9.0, 0.8.2, 0.8.1, 0.8.0, 0.7.3, 0.7.2, 0.7.1, 0.7.0, 0.6.1, 0.6.0, 0.5.4, 0.5.3, 0.5.2, 0.5.1, 0.5.0, 0.4.2, 0.4.1, 0.4.0, 0.3.0, 0.2.2, 0.2.1, 0.2.0, 0.1.2, 0.1.1, 0.1.0, 0.0.4, 0.0.3, 0.0.2, 0.0.1
37 error notarget This is most likely not a problem with npm itself.
37 error notarget In most cases you or one of your dependencies are requesting
37 error notarget a package version that doesn't exist.
38 verbose exit [ 1, true ]
